<?xml version="1.0" encoding="UTF-8"?>
<!-- Generated by org.testng.reporters.JUnitReportReporter -->
<testsuite hostname="DESKTOP-T445K2G" failures="0" tests="2" name="com.herokuapp.theinternet.NegativeTests" time="35.259" errors="0" timestamp="24 Apr 2022 12:54:17 GMT" skipped="0">
  <testcase classname="com.herokuapp.theinternet.NegativeTests" name="incorrectUsernameTest" time="18.378"/>
  <testcase classname="com.herokuapp.theinternet.NegativeTests" name="incorrectPasswordTest" time="16.881"/>
</testsuite> <!-- com.herokuapp.theinternet.NegativeTests -->
