<?xml version="1.0" encoding="UTF-8"?>
<!-- Generated by org.testng.reporters.JUnitReportReporter -->
<testsuite hostname="DESKTOP-T445K2G" failures="0" tests="1" name="seleniumscriptsday3.TestNGDemo" time="2.054" errors="0" timestamp="14 Apr 2022 06:54:14 GMT" skipped="0">
  <testcase classname="seleniumscriptsday3.TestNGDemo" name="Testcase1" time="2.054"/>
</testsuite> <!-- seleniumscriptsday3.TestNGDemo -->
